[2025-05-12T22:27:52.332+0100] {local_task_job_runner.py:120} INFO - ::group::Pre task execution logs
[2025-05-12T22:27:52.346+0100] {taskinstance.py:2076} INFO - Dependencies all met for dep_context=non-requeueable deps ti=<TaskInstance: youtube_daily_pipeline.dbt_test manual__2025-05-12T21:22:39.790133+00:00 [queued]>
[2025-05-12T22:27:52.349+0100] {taskinstance.py:2076} INFO - Dependencies all met for dep_context=requeueable deps ti=<TaskInstance: youtube_daily_pipeline.dbt_test manual__2025-05-12T21:22:39.790133+00:00 [queued]>
[2025-05-12T22:27:52.349+0100] {taskinstance.py:2306} INFO - Starting attempt 1 of 2
[2025-05-12T22:27:52.354+0100] {taskinstance.py:2330} INFO - Executing <Task(BashOperator): dbt_test> on 2025-05-12 21:22:39.790133+00:00
[2025-05-12T22:27:52.359+0100] {logging_mixin.py:188} WARNING - /Users/moeinfahmide/miniconda3/envs/open-air/lib/python3.12/site-packages/airflow/task/task_runner/standard_task_runner.py:62 DeprecationWarning: This process (pid=7723) is multi-threaded, use of fork() may lead to deadlocks in the child.
[2025-05-12T22:27:52.359+0100] {standard_task_runner.py:64} INFO - Started process 7726 to run task
[2025-05-12T22:27:52.359+0100] {standard_task_runner.py:90} INFO - Running: ['airflow', 'tasks', 'run', 'youtube_daily_pipeline', 'dbt_test', 'manual__2025-05-12T21:22:39.790133+00:00', '--job-id', '37', '--raw', '--subdir', 'DAGS_FOLDER/youtube_pipeline.py', '--cfg-path', '/var/folders/x8/bvc5rcpd5t12mfz1khbckdsm0000gn/T/tmp7ajkdbq_']
[2025-05-12T22:27:52.360+0100] {standard_task_runner.py:91} INFO - Job 37: Subtask dbt_test
[2025-05-12T22:27:52.378+0100] {task_command.py:426} INFO - Running <TaskInstance: youtube_daily_pipeline.dbt_test manual__2025-05-12T21:22:39.790133+00:00 [running]> on host macbookair.lan
[2025-05-12T22:27:52.510+0100] {taskinstance.py:2648} INFO - Exporting env vars: AIRFLOW_CTX_DAG_OWNER='you' AIRFLOW_CTX_DAG_ID='youtube_daily_pipeline' AIRFLOW_CTX_TASK_ID='dbt_test' AIRFLOW_CTX_EXECUTION_DATE='2025-05-12T21:22:39.790133+00:00' AIRFLOW_CTX_TRY_NUMBER='1' AIRFLOW_CTX_DAG_RUN_ID='manual__2025-05-12T21:22:39.790133+00:00'
[2025-05-12T22:27:52.510+0100] {taskinstance.py:430} INFO - ::endgroup::
[2025-05-12T22:27:52.517+0100] {subprocess.py:63} INFO - Tmp dir root location: /var/folders/x8/bvc5rcpd5t12mfz1khbckdsm0000gn/T
[2025-05-12T22:27:52.518+0100] {subprocess.py:75} INFO - Running command: ['/bin/bash', '-c', 'cd "/Users/moeinfahmide/Desktop/Job/Learning/Data Engineering/projects/youtube/youtube_dbt" && dbt test --project-dir "/Users/moeinfahmide/Desktop/Job/Learning/Data Engineering/projects/youtube/youtube_dbt" --profiles-dir "/Users/moeinfahmide/Desktop/Job/Learning/Data Engineering/projects/youtube" --models staging+ marts+']
[2025-05-12T22:27:52.522+0100] {subprocess.py:86} INFO - Output:
[2025-05-12T22:27:53.500+0100] {subprocess.py:93} INFO - [0m21:27:53  Running with dbt=1.9.4
[2025-05-12T22:27:53.640+0100] {subprocess.py:93} INFO - [0m21:27:53  Registered adapter: postgres=1.9.0
[2025-05-12T22:27:53.859+0100] {subprocess.py:93} INFO - [0m21:27:53  Found 10 models, 19 data tests, 433 macros
[2025-05-12T22:27:53.861+0100] {subprocess.py:93} INFO - [0m21:27:53
[2025-05-12T22:27:53.862+0100] {subprocess.py:93} INFO - [0m21:27:53  Concurrency: 1 threads (target='dev')
[2025-05-12T22:27:53.862+0100] {subprocess.py:93} INFO - [0m21:27:53
[2025-05-12T22:27:53.963+0100] {subprocess.py:93} INFO - [0m21:27:53  1 of 15 START test not_null_channel_growth_avg_daily_gain ...................... [RUN]
[2025-05-12T22:27:53.999+0100] {subprocess.py:93} INFO - [0m21:27:53  1 of 15 FAIL 97 not_null_channel_growth_avg_daily_gain ......................... [[31mFAIL 97[0m in 0.04s]
[2025-05-12T22:27:53.999+0100] {subprocess.py:93} INFO - [0m21:27:53  2 of 15 START test not_null_channel_growth_channel_id .......................... [RUN]
[2025-05-12T22:27:54.019+0100] {subprocess.py:93} INFO - [0m21:27:54  2 of 15 PASS not_null_channel_growth_channel_id ................................ [[32mPASS[0m in 0.02s]
[2025-05-12T22:27:54.020+0100] {subprocess.py:93} INFO - [0m21:27:54  3 of 15 START test not_null_channel_summary_title .............................. [RUN]
[2025-05-12T22:27:54.039+0100] {subprocess.py:93} INFO - [0m21:27:54  3 of 15 FAIL 48 not_null_channel_summary_title ................................. [[31mFAIL 48[0m in 0.02s]
[2025-05-12T22:27:54.040+0100] {subprocess.py:93} INFO - [0m21:27:54  4 of 15 START test not_null_channel_summary_total_views ........................ [RUN]
[2025-05-12T22:27:54.060+0100] {subprocess.py:93} INFO - [0m21:27:54  4 of 15 PASS not_null_channel_summary_total_views .............................. [[32mPASS[0m in 0.02s]
[2025-05-12T22:27:54.062+0100] {subprocess.py:93} INFO - [0m21:27:54  5 of 15 START test not_null_stg_videos_id ...................................... [RUN]
[2025-05-12T22:27:54.080+0100] {subprocess.py:93} INFO - [0m21:27:54  5 of 15 PASS not_null_stg_videos_id ............................................ [[32mPASS[0m in 0.02s]
[2025-05-12T22:27:54.082+0100] {subprocess.py:93} INFO - [0m21:27:54  6 of 15 START test not_null_underdog_videos_video_id ........................... [RUN]
[2025-05-12T22:27:54.101+0100] {subprocess.py:93} INFO - [0m21:27:54  6 of 15 PASS not_null_underdog_videos_video_id ................................. [[32mPASS[0m in 0.02s]
[2025-05-12T22:27:54.102+0100] {subprocess.py:93} INFO - [0m21:27:54  7 of 15 START test not_null_underdog_videos_z_score ............................ [RUN]
[2025-05-12T22:27:54.122+0100] {subprocess.py:93} INFO - [0m21:27:54  7 of 15 PASS not_null_underdog_videos_z_score .................................. [[32mPASS[0m in 0.02s]
[2025-05-12T22:27:54.123+0100] {subprocess.py:93} INFO - [0m21:27:54  8 of 15 START test not_null_video_snapshot_like_view_ratio ..................... [RUN]
[2025-05-12T22:27:54.143+0100] {subprocess.py:93} INFO - [0m21:27:54  8 of 15 FAIL 5 not_null_video_snapshot_like_view_ratio ......................... [[31mFAIL 5[0m in 0.02s]
[2025-05-12T22:27:54.144+0100] {subprocess.py:93} INFO - [0m21:27:54  9 of 15 START test not_null_video_snapshot_title ............................... [RUN]
[2025-05-12T22:27:54.164+0100] {subprocess.py:93} INFO - [0m21:27:54  9 of 15 PASS not_null_video_snapshot_title ..................................... [[32mPASS[0m in 0.02s]
[2025-05-12T22:27:54.164+0100] {subprocess.py:93} INFO - [0m21:27:54  10 of 15 START test not_null_video_viral_index_video_id ........................ [RUN]
[2025-05-12T22:27:54.186+0100] {subprocess.py:93} INFO - [0m21:27:54  10 of 15 PASS not_null_video_viral_index_video_id .............................. [[32mPASS[0m in 0.02s]
[2025-05-12T22:27:54.187+0100] {subprocess.py:93} INFO - [0m21:27:54  11 of 15 START test not_null_video_viral_index_viral_index ..................... [RUN]
[2025-05-12T22:27:54.207+0100] {subprocess.py:93} INFO - [0m21:27:54  11 of 15 PASS not_null_video_viral_index_viral_index ........................... [[32mPASS[0m in 0.02s]
[2025-05-12T22:27:54.208+0100] {subprocess.py:93} INFO - [0m21:27:54  12 of 15 START test unique_channel_growth_channel_id ........................... [RUN]
[2025-05-12T22:27:54.230+0100] {subprocess.py:93} INFO - [0m21:27:54  12 of 15 PASS unique_channel_growth_channel_id ................................. [[32mPASS[0m in 0.02s]
[2025-05-12T22:27:54.231+0100] {subprocess.py:93} INFO - [0m21:27:54  13 of 15 START test unique_stg_videos_id ....................................... [RUN]
[2025-05-12T22:27:54.252+0100] {subprocess.py:93} INFO - [0m21:27:54  13 of 15 PASS unique_stg_videos_id ............................................. [[32mPASS[0m in 0.02s]
[2025-05-12T22:27:54.252+0100] {subprocess.py:93} INFO - [0m21:27:54  14 of 15 START test unique_underdog_videos_video_id ............................ [RUN]
[2025-05-12T22:27:54.274+0100] {subprocess.py:93} INFO - [0m21:27:54  14 of 15 PASS unique_underdog_videos_video_id .................................. [[32mPASS[0m in 0.02s]
[2025-05-12T22:27:54.275+0100] {subprocess.py:93} INFO - [0m21:27:54  15 of 15 START test unique_video_viral_index_video_id .......................... [RUN]
[2025-05-12T22:27:54.296+0100] {subprocess.py:93} INFO - [0m21:27:54  15 of 15 PASS unique_video_viral_index_video_id ................................ [[32mPASS[0m in 0.02s]
[2025-05-12T22:27:54.308+0100] {subprocess.py:93} INFO - [0m21:27:54
[2025-05-12T22:27:54.309+0100] {subprocess.py:93} INFO - [0m21:27:54  Finished running 15 data tests in 0 hours 0 minutes and 0.45 seconds (0.45s).
[2025-05-12T22:27:54.331+0100] {subprocess.py:93} INFO - [0m21:27:54
[2025-05-12T22:27:54.331+0100] {subprocess.py:93} INFO - [0m21:27:54  [31mCompleted with 3 errors, 0 partial successes, and 0 warnings:[0m
[2025-05-12T22:27:54.332+0100] {subprocess.py:93} INFO - [0m21:27:54
[2025-05-12T22:27:54.332+0100] {subprocess.py:93} INFO - [0m21:27:54  [31mFailure in test not_null_channel_growth_avg_daily_gain (models/marts/schema.yml)[0m
[2025-05-12T22:27:54.332+0100] {subprocess.py:93} INFO - [0m21:27:54    Got 97 results, configured to fail if != 0
[2025-05-12T22:27:54.332+0100] {subprocess.py:93} INFO - [0m21:27:54
[2025-05-12T22:27:54.333+0100] {subprocess.py:93} INFO - [0m21:27:54    compiled code at target/compiled/youtube_dbt/models/marts/schema.yml/not_null_channel_growth_avg_daily_gain.sql
[2025-05-12T22:27:54.333+0100] {subprocess.py:93} INFO - [0m21:27:54
[2025-05-12T22:27:54.333+0100] {subprocess.py:93} INFO - [0m21:27:54  [31mFailure in test not_null_channel_summary_title (models/marts/schema.yml)[0m
[2025-05-12T22:27:54.333+0100] {subprocess.py:93} INFO - [0m21:27:54    Got 48 results, configured to fail if != 0
[2025-05-12T22:27:54.333+0100] {subprocess.py:93} INFO - [0m21:27:54
[2025-05-12T22:27:54.334+0100] {subprocess.py:93} INFO - [0m21:27:54    compiled code at target/compiled/youtube_dbt/models/marts/schema.yml/not_null_channel_summary_title.sql
[2025-05-12T22:27:54.334+0100] {subprocess.py:93} INFO - [0m21:27:54
[2025-05-12T22:27:54.334+0100] {subprocess.py:93} INFO - [0m21:27:54  [31mFailure in test not_null_video_snapshot_like_view_ratio (models/marts/schema.yml)[0m
[2025-05-12T22:27:54.334+0100] {subprocess.py:93} INFO - [0m21:27:54    Got 5 results, configured to fail if != 0
[2025-05-12T22:27:54.334+0100] {subprocess.py:93} INFO - [0m21:27:54
[2025-05-12T22:27:54.335+0100] {subprocess.py:93} INFO - [0m21:27:54    compiled code at target/compiled/youtube_dbt/models/marts/schema.yml/not_null_video_snapshot_like_view_ratio.sql
[2025-05-12T22:27:54.335+0100] {subprocess.py:93} INFO - [0m21:27:54
[2025-05-12T22:27:54.336+0100] {subprocess.py:93} INFO - [0m21:27:54  Done. PASS=12 WARN=0 ERROR=3 SKIP=0 TOTAL=15
[2025-05-12T22:27:54.861+0100] {subprocess.py:97} INFO - Command exited with return code 1
[2025-05-12T22:27:54.862+0100] {taskinstance.py:441} INFO - ::group::Post task execution logs
[2025-05-12T22:27:54.865+0100] {taskinstance.py:2905} ERROR - Task failed with exception
Traceback (most recent call last):
  File "/Users/moeinfahmide/miniconda3/envs/open-air/lib/python3.12/site-packages/airflow/models/taskinstance.py", line 465, in _execute_task
    result = _execute_callable(context=context, **execute_callable_kwargs)
             ^^^^^^^^^^^^^^^^^^^^^^^^^^^^^^^^^^^^^^^^^^^^^^^^^^^^^^^^^^^^^
  File "/Users/moeinfahmide/miniconda3/envs/open-air/lib/python3.12/site-packages/airflow/models/taskinstance.py", line 432, in _execute_callable
    return execute_callable(context=context, **execute_callable_kwargs)
           ^^^^^^^^^^^^^^^^^^^^^^^^^^^^^^^^^^^^^^^^^^^^^^^^^^^^^^^^^^^^
  File "/Users/moeinfahmide/miniconda3/envs/open-air/lib/python3.12/site-packages/airflow/models/baseoperator.py", line 401, in wrapper
    return func(self, *args, **kwargs)
           ^^^^^^^^^^^^^^^^^^^^^^^^^^^
  File "/Users/moeinfahmide/miniconda3/envs/open-air/lib/python3.12/site-packages/airflow/operators/bash.py", line 243, in execute
    raise AirflowException(
airflow.exceptions.AirflowException: Bash command failed. The command returned a non-zero exit code 1.
[2025-05-12T22:27:54.867+0100] {taskinstance.py:1206} INFO - Marking task as UP_FOR_RETRY. dag_id=youtube_daily_pipeline, task_id=dbt_test, run_id=manual__2025-05-12T21:22:39.790133+00:00, execution_date=20250512T212239, start_date=20250512T212752, end_date=20250512T212754
[2025-05-12T22:27:54.871+0100] {standard_task_runner.py:110} ERROR - Failed to execute job 37 for task dbt_test (Bash command failed. The command returned a non-zero exit code 1.; 7726)
[2025-05-12T22:27:54.875+0100] {local_task_job_runner.py:243} INFO - Task exited with return code 1
[2025-05-12T22:27:54.881+0100] {taskinstance.py:3503} INFO - 0 downstream tasks scheduled from follow-on schedule check
[2025-05-12T22:27:54.881+0100] {local_task_job_runner.py:222} INFO - ::endgroup::
